<?xml version="1.0" encoding="UTF-8"?>
<!-- Generated by org.testng.reporters.JUnitReportReporter -->
<testsuite hostname="Moises-Cano" failures="0" tests="1" name="com.google.qa.FirstTest" time="4.307" errors="0" timestamp="14 ene. 2023 17:51:16 GMT" skipped="0">
  <testcase classname="com.google.qa.FirstTest" name="f" time="4.307"/>
</testsuite> <!-- com.google.qa.FirstTest -->
